[2024-03-15 08:10:12] local.ERROR: SQLSTATE[HY000] [2002] No connection could be made because the target machine actively refused it (Connection: mysql, SQL: insert into `users` (`username`, `password`, `name`, `token`, `updated_at`, `created_at`) values (test, $2y$12$95bPTAkPOYBM6VF1niqe/eMyPeWULG3pvPEg61ZjfvPp/H365K3/m, test, test, 2024-03-15 08:10:04, 2024-03-15 08:10:04)) {"exception":"[object] (Illuminate\\Database\\QueryException(code: 2002): SQLSTATE[HY000] [2002] No connection could be made because the target machine actively refused it (Connection: mysql, SQL: insert into `users` (`username`, `password`, `name`, `token`, `updated_at`, `created_at`) values (test, $2y$12$95bPTAkPOYBM6VF1niqe/eMyPeWULG3pvPEg61ZjfvPp/H365K3/m, test, test, 2024-03-15 08:10:04, 2024-03-15 08:10:04)) at C:\\Users\\Mellani Silvia\\Documents\\Kuliah\\Tugas Sms 4\\API\\tugasAPI\\vendor\\laravel\\framework\\src\\Illuminate\\Database\\Connection.php:829)
[stacktrace]
#0 C:\\Users\\Mellani Silvia\\Documents\\Kuliah\\Tugas Sms 4\\API\\tugasAPI\\vendor\\laravel\\framework\\src\\Illuminate\\Database\\Connection.php(983): Illuminate\\Database\\Connection->runQueryCallback('insert into `us...', Array, Object(Closure))
#1 C:\\Users\\Mellani Silvia\\Documents\\Kuliah\\Tugas Sms 4\\API\\tugasAPI\\vendor\\laravel\\framework\\src\\Illuminate\\Database\\Connection.php(962): Illuminate\\Database\\Connection->tryAgainIfCausedByLostConnection(Object(Illuminate\\Database\\QueryException), 'insert into `us...', Array, Object(Closure))
#2 C:\\Users\\Mellani Silvia\\Documents\\Kuliah\\Tugas Sms 4\\API\\tugasAPI\\vendor\\laravel\\framework\\src\\Illuminate\\Database\\Connection.php(785): Illuminate\\Database\\Connection->handleQueryException(Object(Illuminate\\Database\\QueryException), 'insert into `us...', Array, Object(Closure))
#3 C:\\Users\\Mellani Silvia\\Documents\\Kuliah\\Tugas Sms 4\\API\\tugasAPI\\vendor\\laravel\\framework\\src\\Illuminate\\Database\\Connection.php(576): Illuminate\\Database\\Connection->run('insert into `us...', Array, Object(Closure))
#4 C:\\Users\\Mellani Silvia\\Documents\\Kuliah\\Tugas Sms 4\\API\\tugasAPI\\vendor\\laravel\\framework\\src\\Illuminate\\Database\\Connection.php(540): Illuminate\\Database\\Connection->statement('insert into `us...', Array)
#5 C:\\Users\\Mellani Silvia\\Documents\\Kuliah\\Tugas Sms 4\\API\\tugasAPI\\vendor\\laravel\\framework\\src\\Illuminate\\Database\\Query\\Processors\\Processor.php(32): Illuminate\\Database\\Connection->insert('insert into `us...', Array)
#6 C:\\Users\\Mellani Silvia\\Documents\\Kuliah\\Tugas Sms 4\\API\\tugasAPI\\vendor\\laravel\\framework\\src\\Illuminate\\Database\\Query\\Builder.php(3507): Illuminate\\Database\\Query\\Processors\\Processor->processInsertGetId(Object(Illuminate\\Database\\Query\\Builder), 'insert into `us...', Array, 'id')
#7 C:\\Users\\Mellani Silvia\\Documents\\Kuliah\\Tugas Sms 4\\API\\tugasAPI\\vendor\\laravel\\framework\\src\\Illuminate\\Database\\Eloquent\\Builder.php(1969): Illuminate\\Database\\Query\\Builder->insertGetId(Array, 'id')
#8 C:\\Users\\Mellani Silvia\\Documents\\Kuliah\\Tugas Sms 4\\API\\tugasAPI\\vendor\\laravel\\framework\\src\\Illuminate\\Database\\Eloquent\\Model.php(1333): Illuminate\\Database\\Eloquent\\Builder->__call('insertGetId', Array)
#9 C:\\Users\\Mellani Silvia\\Documents\\Kuliah\\Tugas Sms 4\\API\\tugasAPI\\vendor\\laravel\\framework\\src\\Illuminate\\Database\\Eloquent\\Model.php(1298): Illuminate\\Database\\Eloquent\\Model->insertAndSetId(Object(Illuminate\\Database\\Eloquent\\Builder), Array)
#10 C:\\Users\\Mellani Silvia\\Documents\\Kuliah\\Tugas Sms 4\\API\\tugasAPI\\vendor\\laravel\\framework\\src\\Illuminate\\Database\\Eloquent\\Model.php(1137): Illuminate\\Database\\Eloquent\\Model->performInsert(Object(Illuminate\\Database\\Eloquent\\Builder))
#11 C:\\Users\\Mellani Silvia\\Documents\\Kuliah\\Tugas Sms 4\\API\\tugasAPI\\vendor\\laravel\\framework\\src\\Illuminate\\Database\\Eloquent\\Builder.php(1024): Illuminate\\Database\\Eloquent\\Model->save()
#12 C:\\Users\\Mellani Silvia\\Documents\\Kuliah\\Tugas Sms 4\\API\\tugasAPI\\vendor\\laravel\\framework\\src\\Illuminate\\Support\\helpers.php(307): Illuminate\\Database\\Eloquent\\Builder->Illuminate\\Database\\Eloquent\\{closure}(Object(App\\Models\\User))
#13 C:\\Users\\Mellani Silvia\\Documents\\Kuliah\\Tugas Sms 4\\API\\tugasAPI\\vendor\\laravel\\framework\\src\\Illuminate\\Database\\Eloquent\\Builder.php(1023): tap(Object(App\\Models\\User), Object(Closure))
#14 C:\\Users\\Mellani Silvia\\Documents\\Kuliah\\Tugas Sms 4\\API\\tugasAPI\\vendor\\laravel\\framework\\src\\Illuminate\\Support\\Traits\\ForwardsCalls.php(23): Illuminate\\Database\\Eloquent\\Builder->create(Array)
#15 C:\\Users\\Mellani Silvia\\Documents\\Kuliah\\Tugas Sms 4\\API\\tugasAPI\\vendor\\laravel\\framework\\src\\Illuminate\\Database\\Eloquent\\Model.php(2334): Illuminate\\Database\\Eloquent\\Model->forwardCallTo(Object(Illuminate\\Database\\Eloquent\\Builder), 'create', Array)
#16 C:\\Users\\Mellani Silvia\\Documents\\Kuliah\\Tugas Sms 4\\API\\tugasAPI\\vendor\\laravel\\framework\\src\\Illuminate\\Database\\Eloquent\\Model.php(2346): Illuminate\\Database\\Eloquent\\Model->__call('create', Array)
#17 C:\\Users\\Mellani Silvia\\Documents\\Kuliah\\Tugas Sms 4\\API\\tugasAPI\\database\\seeders\\UserSeeder.php(17): Illuminate\\Database\\Eloquent\\Model::__callStatic('create', Array)
#18 C:\\Users\\Mellani Silvia\\Documents\\Kuliah\\Tugas Sms 4\\API\\tugasAPI\\vendor\\laravel\\framework\\src\\Illuminate\\Container\\BoundMethod.php(36): Database\\Seeders\\UserSeeder->run()
#19 C:\\Users\\Mellani Silvia\\Documents\\Kuliah\\Tugas Sms 4\\API\\tugasAPI\\vendor\\laravel\\framework\\src\\Illuminate\\Container\\Util.php(41): Illuminate\\Container\\BoundMethod::Illuminate\\Container\\{closure}()
#20 C:\\Users\\Mellani Silvia\\Documents\\Kuliah\\Tugas Sms 4\\API\\tugasAPI\\vendor\\laravel\\framework\\src\\Illuminate\\Container\\BoundMethod.php(93): Illuminate\\Container\\Util::unwrapIfClosure(Object(Closure))
#21 C:\\Users\\Mellani Silvia\\Documents\\Kuliah\\Tugas Sms 4\\API\\tugasAPI\\vendor\\laravel\\framework\\src\\Illuminate\\Container\\BoundMethod.php(35): Illuminate\\Container\\BoundMethod::callBoundMethod(Object(Illuminate\\Foundation\\Application), Array, Object(Closure))
#22 C:\\Users\\Mellani Silvia\\Documents\\Kuliah\\Tugas Sms 4\\API\\tugasAPI\\vendor\\laravel\\framework\\src\\Illuminate\\Container\\Container.php(662): Illuminate\\Container\\BoundMethod::call(Object(Illuminate\\Foundation\\Application), Array, Array, NULL)
#23 C:\\Users\\Mellani Silvia\\Documents\\Kuliah\\Tugas Sms 4\\API\\tugasAPI\\vendor\\laravel\\framework\\src\\Illuminate\\Database\\Seeder.php(184): Illuminate\\Container\\Container->call(Array, Array)
#24 C:\\Users\\Mellani Silvia\\Documents\\Kuliah\\Tugas Sms 4\\API\\tugasAPI\\vendor\\laravel\\framework\\src\\Illuminate\\Database\\Seeder.php(193): Illuminate\\Database\\Seeder->Illuminate\\Database\\{closure}()
#25 C:\\Users\\Mellani Silvia\\Documents\\Kuliah\\Tugas Sms 4\\API\\tugasAPI\\vendor\\laravel\\framework\\src\\Illuminate\\Database\\Console\\Seeds\\SeedCommand.php(70): Illuminate\\Database\\Seeder->__invoke()
#26 C:\\Users\\Mellani Silvia\\Documents\\Kuliah\\Tugas Sms 4\\API\\tugasAPI\\vendor\\laravel\\framework\\src\\Illuminate\\Database\\Eloquent\\Concerns\\GuardsAttributes.php(155): Illuminate\\Database\\Console\\Seeds\\SeedCommand->Illuminate\\Database\\Console\\Seeds\\{closure}()
#27 C:\\Users\\Mellani Silvia\\Documents\\Kuliah\\Tugas Sms 4\\API\\tugasAPI\\vendor\\laravel\\framework\\src\\Illuminate\\Database\\Console\\Seeds\\SeedCommand.php(69): Illuminate\\Database\\Eloquent\\Model::unguarded(Object(Closure))
#28 C:\\Users\\Mellani Silvia\\Documents\\Kuliah\\Tugas Sms 4\\API\\tugasAPI\\vendor\\laravel\\framework\\src\\Illuminate\\Container\\BoundMethod.php(36): Illuminate\\Database\\Console\\Seeds\\SeedCommand->handle()
#29 C:\\Users\\Mellani Silvia\\Documents\\Kuliah\\Tugas Sms 4\\API\\tugasAPI\\vendor\\laravel\\framework\\src\\Illuminate\\Container\\Util.php(41): Illuminate\\Container\\BoundMethod::Illuminate\\Container\\{closure}()
#30 C:\\Users\\Mellani Silvia\\Documents\\Kuliah\\Tugas Sms 4\\API\\tugasAPI\\vendor\\laravel\\framework\\src\\Illuminate\\Container\\BoundMethod.php(93): Illuminate\\Container\\Util::unwrapIfClosure(Object(Closure))
#31 C:\\Users\\Mellani Silvia\\Documents\\Kuliah\\Tugas Sms 4\\API\\tugasAPI\\vendor\\laravel\\framework\\src\\Illuminate\\Container\\BoundMethod.php(35): Illuminate\\Container\\BoundMethod::callBoundMethod(Object(Illuminate\\Foundation\\Application), Array, Object(Closure))
#32 C:\\Users\\Mellani Silvia\\Documents\\Kuliah\\Tugas Sms 4\\API\\tugasAPI\\vendor\\laravel\\framework\\src\\Illuminate\\Container\\Container.php(662): Illuminate\\Container\\BoundMethod::call(Object(Illuminate\\Foundation\\Application), Array, Array, NULL)
#33 C:\\Users\\Mellani Silvia\\Documents\\Kuliah\\Tugas Sms 4\\API\\tugasAPI\\vendor\\laravel\\framework\\src\\Illuminate\\Console\\Command.php(211): Illuminate\\Container\\Container->call(Array)
#34 C:\\Users\\Mellani Silvia\\Documents\\Kuliah\\Tugas Sms 4\\API\\tugasAPI\\vendor\\symfony\\console\\Command\\Command.php(326): Illuminate\\Console\\Command->execute(Object(Symfony\\Component\\Console\\Input\\ArgvInput), Object(Illuminate\\Console\\OutputStyle))
#35 C:\\Users\\Mellani Silvia\\Documents\\Kuliah\\Tugas Sms 4\\API\\tugasAPI\\vendor\\laravel\\framework\\src\\Illuminate\\Console\\Command.php(180): Symfony\\Component\\Console\\Command\\Command->run(Object(Symfony\\Component\\Console\\Input\\ArgvInput), Object(Illuminate\\Console\\OutputStyle))
#36 C:\\Users\\Mellani Silvia\\Documents\\Kuliah\\Tugas Sms 4\\API\\tugasAPI\\vendor\\symfony\\console\\Application.php(1096): Illuminate\\Console\\Command->run(Object(Symfony\\Component\\Console\\Input\\ArgvInput), Object(Symfony\\Component\\Console\\Output\\ConsoleOutput))
#37 C:\\Users\\Mellani Silvia\\Documents\\Kuliah\\Tugas Sms 4\\API\\tugasAPI\\vendor\\symfony\\console\\Application.php(324): Symfony\\Component\\Console\\Application->doRunCommand(Object(Illuminate\\Database\\Console\\Seeds\\SeedCommand), Object(Symfony\\Component\\Console\\Input\\ArgvInput), Object(Symfony\\Component\\Console\\Output\\ConsoleOutput))
#38 C:\\Users\\Mellani Silvia\\Documents\\Kuliah\\Tugas Sms 4\\API\\tugasAPI\\vendor\\symfony\\console\\Application.php(175): Symfony\\Component\\Console\\Application->doRun(Object(Symfony\\Component\\Console\\Input\\ArgvInput), Object(Symfony\\Component\\Console\\Output\\ConsoleOutput))
#39 C:\\Users\\Mellani Silvia\\Documents\\Kuliah\\Tugas Sms 4\\API\\tugasAPI\\vendor\\laravel\\framework\\src\\Illuminate\\Foundation\\Console\\Kernel.php(201): Symfony\\Component\\Console\\Application->run(Object(Symfony\\Component\\Console\\Input\\ArgvInput), Object(Symfony\\Component\\Console\\Output\\ConsoleOutput))
#40 C:\\Users\\Mellani Silvia\\Documents\\Kuliah\\Tugas Sms 4\\API\\tugasAPI\\artisan(35): Illuminate\\Foundation\\Console\\Kernel->handle(Object(Symfony\\Component\\Console\\Input\\ArgvInput), Object(Symfony\\Component\\Console\\Output\\ConsoleOutput))
#41 {main}

[previous exception] [object] (PDOException(code: 2002): SQLSTATE[HY000] [2002] No connection could be made because the target machine actively refused it at C:\\Users\\Mellani Silvia\\Documents\\Kuliah\\Tugas Sms 4\\API\\tugasAPI\\vendor\\laravel\\framework\\src\\Illuminate\\Database\\Connectors\\Connector.php:65)
[stacktrace]
#0 C:\\Users\\Mellani Silvia\\Documents\\Kuliah\\Tugas Sms 4\\API\\tugasAPI\\vendor\\laravel\\framework\\src\\Illuminate\\Database\\Connectors\\Connector.php(65): PDO->__construct('mysql:host=127....', 'root', Object(SensitiveParameterValue), Array)
#1 C:\\Users\\Mellani Silvia\\Documents\\Kuliah\\Tugas Sms 4\\API\\tugasAPI\\vendor\\laravel\\framework\\src\\Illuminate\\Database\\Connectors\\Connector.php(83): Illuminate\\Database\\Connectors\\Connector->createPdoConnection('mysql:host=127....', 'root', '', Array)
#2 C:\\Users\\Mellani Silvia\\Documents\\Kuliah\\Tugas Sms 4\\API\\tugasAPI\\vendor\\laravel\\framework\\src\\Illuminate\\Database\\Connectors\\Connector.php(48): Illuminate\\Database\\Connectors\\Connector->tryAgainIfCausedByLostConnection(Object(PDOException), 'mysql:host=127....', 'root', '', Array)
#3 C:\\Users\\Mellani Silvia\\Documents\\Kuliah\\Tugas Sms 4\\API\\tugasAPI\\vendor\\laravel\\framework\\src\\Illuminate\\Database\\Connectors\\MySqlConnector.php(24): Illuminate\\Database\\Connectors\\Connector->createConnection('mysql:host=127....', Array, Array)
#4 C:\\Users\\Mellani Silvia\\Documents\\Kuliah\\Tugas Sms 4\\API\\tugasAPI\\vendor\\laravel\\framework\\src\\Illuminate\\Database\\Connectors\\ConnectionFactory.php(184): Illuminate\\Database\\Connectors\\MySqlConnector->connect(Array)
#5 [internal function]: Illuminate\\Database\\Connectors\\ConnectionFactory->Illuminate\\Database\\Connectors\\{closure}()
#6 C:\\Users\\Mellani Silvia\\Documents\\Kuliah\\Tugas Sms 4\\API\\tugasAPI\\vendor\\laravel\\framework\\src\\Illuminate\\Database\\Connection.php(1339): call_user_func(Object(Closure))
#7 C:\\Users\\Mellani Silvia\\Documents\\Kuliah\\Tugas Sms 4\\API\\tugasAPI\\vendor\\laravel\\framework\\src\\Illuminate\\Database\\Connection.php(581): Illuminate\\Database\\Connection->getPdo()
#8 C:\\Users\\Mellani Silvia\\Documents\\Kuliah\\Tugas Sms 4\\API\\tugasAPI\\vendor\\laravel\\framework\\src\\Illuminate\\Database\\Connection.php(816): Illuminate\\Database\\Connection->Illuminate\\Database\\{closure}('insert into `us...', Array)
#9 C:\\Users\\Mellani Silvia\\Documents\\Kuliah\\Tugas Sms 4\\API\\tugasAPI\\vendor\\laravel\\framework\\src\\Illuminate\\Database\\Connection.php(983): Illuminate\\Database\\Connection->runQueryCallback('insert into `us...', Array, Object(Closure))
#10 C:\\Users\\Mellani Silvia\\Documents\\Kuliah\\Tugas Sms 4\\API\\tugasAPI\\vendor\\laravel\\framework\\src\\Illuminate\\Database\\Connection.php(962): Illuminate\\Database\\Connection->tryAgainIfCausedByLostConnection(Object(Illuminate\\Database\\QueryException), 'insert into `us...', Array, Object(Closure))
#11 C:\\Users\\Mellani Silvia\\Documents\\Kuliah\\Tugas Sms 4\\API\\tugasAPI\\vendor\\laravel\\framework\\src\\Illuminate\\Database\\Connection.php(785): Illuminate\\Database\\Connection->handleQueryException(Object(Illuminate\\Database\\QueryException), 'insert into `us...', Array, Object(Closure))
#12 C:\\Users\\Mellani Silvia\\Documents\\Kuliah\\Tugas Sms 4\\API\\tugasAPI\\vendor\\laravel\\framework\\src\\Illuminate\\Database\\Connection.php(576): Illuminate\\Database\\Connection->run('insert into `us...', Array, Object(Closure))
#13 C:\\Users\\Mellani Silvia\\Documents\\Kuliah\\Tugas Sms 4\\API\\tugasAPI\\vendor\\laravel\\framework\\src\\Illuminate\\Database\\Connection.php(540): Illuminate\\Database\\Connection->statement('insert into `us...', Array)
#14 C:\\Users\\Mellani Silvia\\Documents\\Kuliah\\Tugas Sms 4\\API\\tugasAPI\\vendor\\laravel\\framework\\src\\Illuminate\\Database\\Query\\Processors\\Processor.php(32): Illuminate\\Database\\Connection->insert('insert into `us...', Array)
#15 C:\\Users\\Mellani Silvia\\Documents\\Kuliah\\Tugas Sms 4\\API\\tugasAPI\\vendor\\laravel\\framework\\src\\Illuminate\\Database\\Query\\Builder.php(3507): Illuminate\\Database\\Query\\Processors\\Processor->processInsertGetId(Object(Illuminate\\Database\\Query\\Builder), 'insert into `us...', Array, 'id')
#16 C:\\Users\\Mellani Silvia\\Documents\\Kuliah\\Tugas Sms 4\\API\\tugasAPI\\vendor\\laravel\\framework\\src\\Illuminate\\Database\\Eloquent\\Builder.php(1969): Illuminate\\Database\\Query\\Builder->insertGetId(Array, 'id')
#17 C:\\Users\\Mellani Silvia\\Documents\\Kuliah\\Tugas Sms 4\\API\\tugasAPI\\vendor\\laravel\\framework\\src\\Illuminate\\Database\\Eloquent\\Model.php(1333): Illuminate\\Database\\Eloquent\\Builder->__call('insertGetId', Array)
#18 C:\\Users\\Mellani Silvia\\Documents\\Kuliah\\Tugas Sms 4\\API\\tugasAPI\\vendor\\laravel\\framework\\src\\Illuminate\\Database\\Eloquent\\Model.php(1298): Illuminate\\Database\\Eloquent\\Model->insertAndSetId(Object(Illuminate\\Database\\Eloquent\\Builder), Array)
#19 C:\\Users\\Mellani Silvia\\Documents\\Kuliah\\Tugas Sms 4\\API\\tugasAPI\\vendor\\laravel\\framework\\src\\Illuminate\\Database\\Eloquent\\Model.php(1137): Illuminate\\Database\\Eloquent\\Model->performInsert(Object(Illuminate\\Database\\Eloquent\\Builder))
#20 C:\\Users\\Mellani Silvia\\Documents\\Kuliah\\Tugas Sms 4\\API\\tugasAPI\\vendor\\laravel\\framework\\src\\Illuminate\\Database\\Eloquent\\Builder.php(1024): Illuminate\\Database\\Eloquent\\Model->save()
#21 C:\\Users\\Mellani Silvia\\Documents\\Kuliah\\Tugas Sms 4\\API\\tugasAPI\\vendor\\laravel\\framework\\src\\Illuminate\\Support\\helpers.php(307): Illuminate\\Database\\Eloquent\\Builder->Illuminate\\Database\\Eloquent\\{closure}(Object(App\\Models\\User))
#22 C:\\Users\\Mellani Silvia\\Documents\\Kuliah\\Tugas Sms 4\\API\\tugasAPI\\vendor\\laravel\\framework\\src\\Illuminate\\Database\\Eloquent\\Builder.php(1023): tap(Object(App\\Models\\User), Object(Closure))
#23 C:\\Users\\Mellani Silvia\\Documents\\Kuliah\\Tugas Sms 4\\API\\tugasAPI\\vendor\\laravel\\framework\\src\\Illuminate\\Support\\Traits\\ForwardsCalls.php(23): Illuminate\\Database\\Eloquent\\Builder->create(Array)
#24 C:\\Users\\Mellani Silvia\\Documents\\Kuliah\\Tugas Sms 4\\API\\tugasAPI\\vendor\\laravel\\framework\\src\\Illuminate\\Database\\Eloquent\\Model.php(2334): Illuminate\\Database\\Eloquent\\Model->forwardCallTo(Object(Illuminate\\Database\\Eloquent\\Builder), 'create', Array)
#25 C:\\Users\\Mellani Silvia\\Documents\\Kuliah\\Tugas Sms 4\\API\\tugasAPI\\vendor\\laravel\\framework\\src\\Illuminate\\Database\\Eloquent\\Model.php(2346): Illuminate\\Database\\Eloquent\\Model->__call('create', Array)
#26 C:\\Users\\Mellani Silvia\\Documents\\Kuliah\\Tugas Sms 4\\API\\tugasAPI\\database\\seeders\\UserSeeder.php(17): Illuminate\\Database\\Eloquent\\Model::__callStatic('create', Array)
#27 C:\\Users\\Mellani Silvia\\Documents\\Kuliah\\Tugas Sms 4\\API\\tugasAPI\\vendor\\laravel\\framework\\src\\Illuminate\\Container\\BoundMethod.php(36): Database\\Seeders\\UserSeeder->run()
#28 C:\\Users\\Mellani Silvia\\Documents\\Kuliah\\Tugas Sms 4\\API\\tugasAPI\\vendor\\laravel\\framework\\src\\Illuminate\\Container\\Util.php(41): Illuminate\\Container\\BoundMethod::Illuminate\\Container\\{closure}()
#29 C:\\Users\\Mellani Silvia\\Documents\\Kuliah\\Tugas Sms 4\\API\\tugasAPI\\vendor\\laravel\\framework\\src\\Illuminate\\Container\\BoundMethod.php(93): Illuminate\\Container\\Util::unwrapIfClosure(Object(Closure))
#30 C:\\Users\\Mellani Silvia\\Documents\\Kuliah\\Tugas Sms 4\\API\\tugasAPI\\vendor\\laravel\\framework\\src\\Illuminate\\Container\\BoundMethod.php(35): Illuminate\\Container\\BoundMethod::callBoundMethod(Object(Illuminate\\Foundation\\Application), Array, Object(Closure))
#31 C:\\Users\\Mellani Silvia\\Documents\\Kuliah\\Tugas Sms 4\\API\\tugasAPI\\vendor\\laravel\\framework\\src\\Illuminate\\Container\\Container.php(662): Illuminate\\Container\\BoundMethod::call(Object(Illuminate\\Foundation\\Application), Array, Array, NULL)
#32 C:\\Users\\Mellani Silvia\\Documents\\Kuliah\\Tugas Sms 4\\API\\tugasAPI\\vendor\\laravel\\framework\\src\\Illuminate\\Database\\Seeder.php(184): Illuminate\\Container\\Container->call(Array, Array)
#33 C:\\Users\\Mellani Silvia\\Documents\\Kuliah\\Tugas Sms 4\\API\\tugasAPI\\vendor\\laravel\\framework\\src\\Illuminate\\Database\\Seeder.php(193): Illuminate\\Database\\Seeder->Illuminate\\Database\\{closure}()
#34 C:\\Users\\Mellani Silvia\\Documents\\Kuliah\\Tugas Sms 4\\API\\tugasAPI\\vendor\\laravel\\framework\\src\\Illuminate\\Database\\Console\\Seeds\\SeedCommand.php(70): Illuminate\\Database\\Seeder->__invoke()
#35 C:\\Users\\Mellani Silvia\\Documents\\Kuliah\\Tugas Sms 4\\API\\tugasAPI\\vendor\\laravel\\framework\\src\\Illuminate\\Database\\Eloquent\\Concerns\\GuardsAttributes.php(155): Illuminate\\Database\\Console\\Seeds\\SeedCommand->Illuminate\\Database\\Console\\Seeds\\{closure}()
#36 C:\\Users\\Mellani Silvia\\Documents\\Kuliah\\Tugas Sms 4\\API\\tugasAPI\\vendor\\laravel\\framework\\src\\Illuminate\\Database\\Console\\Seeds\\SeedCommand.php(69): Illuminate\\Database\\Eloquent\\Model::unguarded(Object(Closure))
#37 C:\\Users\\Mellani Silvia\\Documents\\Kuliah\\Tugas Sms 4\\API\\tugasAPI\\vendor\\laravel\\framework\\src\\Illuminate\\Container\\BoundMethod.php(36): Illuminate\\Database\\Console\\Seeds\\SeedCommand->handle()
#38 C:\\Users\\Mellani Silvia\\Documents\\Kuliah\\Tugas Sms 4\\API\\tugasAPI\\vendor\\laravel\\framework\\src\\Illuminate\\Container\\Util.php(41): Illuminate\\Container\\BoundMethod::Illuminate\\Container\\{closure}()
#39 C:\\Users\\Mellani Silvia\\Documents\\Kuliah\\Tugas Sms 4\\API\\tugasAPI\\vendor\\laravel\\framework\\src\\Illuminate\\Container\\BoundMethod.php(93): Illuminate\\Container\\Util::unwrapIfClosure(Object(Closure))
#40 C:\\Users\\Mellani Silvia\\Documents\\Kuliah\\Tugas Sms 4\\API\\tugasAPI\\vendor\\laravel\\framework\\src\\Illuminate\\Container\\BoundMethod.php(35): Illuminate\\Container\\BoundMethod::callBoundMethod(Object(Illuminate\\Foundation\\Application), Array, Object(Closure))
#41 C:\\Users\\Mellani Silvia\\Documents\\Kuliah\\Tugas Sms 4\\API\\tugasAPI\\vendor\\laravel\\framework\\src\\Illuminate\\Container\\Container.php(662): Illuminate\\Container\\BoundMethod::call(Object(Illuminate\\Foundation\\Application), Array, Array, NULL)
#42 C:\\Users\\Mellani Silvia\\Documents\\Kuliah\\Tugas Sms 4\\API\\tugasAPI\\vendor\\laravel\\framework\\src\\Illuminate\\Console\\Command.php(211): Illuminate\\Container\\Container->call(Array)
#43 C:\\Users\\Mellani Silvia\\Documents\\Kuliah\\Tugas Sms 4\\API\\tugasAPI\\vendor\\symfony\\console\\Command\\Command.php(326): Illuminate\\Console\\Command->execute(Object(Symfony\\Component\\Console\\Input\\ArgvInput), Object(Illuminate\\Console\\OutputStyle))
#44 C:\\Users\\Mellani Silvia\\Documents\\Kuliah\\Tugas Sms 4\\API\\tugasAPI\\vendor\\laravel\\framework\\src\\Illuminate\\Console\\Command.php(180): Symfony\\Component\\Console\\Command\\Command->run(Object(Symfony\\Component\\Console\\Input\\ArgvInput), Object(Illuminate\\Console\\OutputStyle))
#45 C:\\Users\\Mellani Silvia\\Documents\\Kuliah\\Tugas Sms 4\\API\\tugasAPI\\vendor\\symfony\\console\\Application.php(1096): Illuminate\\Console\\Command->run(Object(Symfony\\Component\\Console\\Input\\ArgvInput), Object(Symfony\\Component\\Console\\Output\\ConsoleOutput))
#46 C:\\Users\\Mellani Silvia\\Documents\\Kuliah\\Tugas Sms 4\\API\\tugasAPI\\vendor\\symfony\\console\\Application.php(324): Symfony\\Component\\Console\\Application->doRunCommand(Object(Illuminate\\Database\\Console\\Seeds\\SeedCommand), Object(Symfony\\Component\\Console\\Input\\ArgvInput), Object(Symfony\\Component\\Console\\Output\\ConsoleOutput))
#47 C:\\Users\\Mellani Silvia\\Documents\\Kuliah\\Tugas Sms 4\\API\\tugasAPI\\vendor\\symfony\\console\\Application.php(175): Symfony\\Component\\Console\\Application->doRun(Object(Symfony\\Component\\Console\\Input\\ArgvInput), Object(Symfony\\Component\\Console\\Output\\ConsoleOutput))
#48 C:\\Users\\Mellani Silvia\\Documents\\Kuliah\\Tugas Sms 4\\API\\tugasAPI\\vendor\\laravel\\framework\\src\\Illuminate\\Foundation\\Console\\Kernel.php(201): Symfony\\Component\\Console\\Application->run(Object(Symfony\\Component\\Console\\Input\\ArgvInput), Object(Symfony\\Component\\Console\\Output\\ConsoleOutput))
#49 C:\\Users\\Mellani Silvia\\Documents\\Kuliah\\Tugas Sms 4\\API\\tugasAPI\\artisan(35): Illuminate\\Foundation\\Console\\Kernel->handle(Object(Symfony\\Component\\Console\\Input\\ArgvInput), Object(Symfony\\Component\\Console\\Output\\ConsoleOutput))
#50 {main}
"} 
